<?xml version="1.0" encoding="UTF-8"?>
<!-- Generated by org.testng.reporters.JUnitReportReporter -->
<testsuite hostname="DESKTOP-9IDS775" failures="0" tests="2" name="com.clipboard.qa.testcases.DisplayResult" time="15.214" errors="0" timestamp="2023-01-04T17:41:48 EST" skipped="0">
  <testcase classname="com.clipboard.qa.testcases.DisplayResult" name="sortedResultsValidation" time="9.481"/>
  <system-out>
    <![CDATA[Error Waiting for Element:[[ChromeDriver: chrome on WINDOWS (e68e09e2a405864554b61ed71db3af2c)] -> xpath: //span[@class='a-button-text a-declarative']]
Error Waiting for Element:[[ChromeDriver: chrome on WINDOWS (e68e09e2a405864554b61ed71db3af2c)] -> xpath: //span[@class='a-button-text a-declarative']]
Error Waiting for Element:[[ChromeDriver: chrome on WINDOWS (e68e09e2a405864554b61ed71db3af2c)] -> xpath: //a[text()='Price: High to Low']]
Error Waiting for Element:[[ChromeDriver: chrome on WINDOWS (e68e09e2a405864554b61ed71db3af2c)] -> xpath: //a[text()='Price: High to Low']]
Error Waiting for Element:[[ChromeDriver: chrome on WINDOWS (e68e09e2a405864554b61ed71db3af2c)] -> xpath: //div[@class='s-widget-container s-spacing-small s-widget-container-height-small celwidget slot=MAIN template=SEARCH_RESULTS widgetId=search-results_2']//span[@class='a-size-base-plus a-color-base a-text-normal']]]]>
  </system-out>
  <testcase classname="com.clipboard.qa.testcases.DisplayResult" name="displayResult" time="5.733"/>
  <system-out>
    <![CDATA[Error Waiting for Element:[[ChromeDriver: chrome on WINDOWS (e68e09e2a405864554b61ed71db3af2c)] -> id: nav-hamburger-menu]
Error Waiting for Element:[[ChromeDriver: chrome on WINDOWS (e68e09e2a405864554b61ed71db3af2c)] -> id: nav-hamburger-menu]
Error Waiting for Element:[[ChromeDriver: chrome on WINDOWS (e68e09e2a405864554b61ed71db3af2c)] -> xpath: //div[contains(text(),'shop by category')]]
Error Waiting for Element:[[ChromeDriver: chrome on WINDOWS (e68e09e2a405864554b61ed71db3af2c)] -> xpath: //*[@class='hmenu-item']//*[text() = 'TV, Appliances, Electronics']]
Error Waiting for Element:[[ChromeDriver: chrome on WINDOWS (e68e09e2a405864554b61ed71db3af2c)] -> xpath: //*[@class='hmenu-item']//*[text() = 'TV, Appliances, Electronics']]
Error Waiting for Element:[[ChromeDriver: chrome on WINDOWS (e68e09e2a405864554b61ed71db3af2c)] -> xpath: //*[@class='hmenu-item']//*[text() = 'TV, Appliances, Electronics']]
Error Waiting for Element:[[ChromeDriver: chrome on WINDOWS (e68e09e2a405864554b61ed71db3af2c)] -> xpath: //*[@class='hmenu-item']//*[text() = 'TV, Appliances, Electronics']]
Error Waiting for Element:[[ChromeDriver: chrome on WINDOWS (e68e09e2a405864554b61ed71db3af2c)] -> xpath: //div[contains(text(),'tv, audio & cameras')]]
Error Waiting for Element:[[ChromeDriver: chrome on WINDOWS (e68e09e2a405864554b61ed71db3af2c)] -> xpath: //a[contains(text(),'Televisions')]]
Error Waiting for Element:[[ChromeDriver: chrome on WINDOWS (e68e09e2a405864554b61ed71db3af2c)] -> xpath: //a[contains(text(),'Televisions')]]
Error Waiting for Element:[[ChromeDriver: chrome on WINDOWS (e68e09e2a405864554b61ed71db3af2c)] -> xpath: //a[contains(text(),'Televisions')]]
Error Waiting for Element:[[ChromeDriver: chrome on WINDOWS (e68e09e2a405864554b61ed71db3af2c)] -> xpath: //a[contains(text(),'Televisions')]]
Error Waiting for Element:[[ChromeDriver: chrome on WINDOWS (e68e09e2a405864554b61ed71db3af2c)] -> xpath: //span[normalize-space()='Brands']]
Error Waiting for Element:[[ChromeDriver: chrome on WINDOWS (e68e09e2a405864554b61ed71db3af2c)] -> xpath: //span[@class='a-size-base a-color-base'][normalize-space()='Samsung']]
Error Waiting for Element:[[ChromeDriver: chrome on WINDOWS (e68e09e2a405864554b61ed71db3af2c)] -> xpath: //span[@class='a-size-base a-color-base'][normalize-space()='Samsung']]]]>
  </system-out>
</testsuite> <!-- com.clipboard.qa.testcases.DisplayResult -->
